\BOOKMARK [1][-]{section.1}{\376\377\000I\000n\000t\000r\000o\000d\000u\000c\000t\000i\000o\000n}{}% 1
\BOOKMARK [1][-]{section.2}{\376\377\000P\000r\000e\000l\000i\000m\000i\000n\000a\000r\000i\000e\000s\000\040\000o\000n\000\040\000t\000h\000e\000\040\000u\000n\000i\000t\000a\000r\000y\000\040\000g\000r\000o\000u\000p\000s\000\040\000o\000f\000\040\000s\000p\000l\000i\000t\000\040\000r\000a\000n\000k\000\040\0002}{}% 2
\BOOKMARK [2][-]{subsection.2.1}{\376\377\000H\000e\000r\000m\000i\000t\000i\000a\000n\000\040\000s\000p\000a\000c\000e\000s}{section.2}% 3
\BOOKMARK [2][-]{subsection.2.2}{\376\377\000U\000n\000i\000t\000a\000r\000y\000\040\000g\000r\000o\000u\000p\000\040\000P\000D\000F\000s\000t\000r\000i\000n\000g\000\040\000a\000n\000d\000\040\000i\000t\000s\000\040\000H\000e\000i\000s\000e\000n\000b\000e\000r\000g\000\040\000p\000a\000r\000a\000b\000o\000l\000i\000c\000\040\000s\000u\000b\000g\000r\000o\000u\000p}{section.2}% 4
\BOOKMARK [1][-]{section.3}{\376\377\000Q\000u\000a\000t\000e\000r\000n\000i\000o\000n\000i\000c\000\040\000H\000e\000i\000s\000e\000n\000b\000e\000r\000g\000\040\000E\000i\000s\000e\000n\000s\000t\000e\000i\000n\000\040\000s\000e\000r\000i\000e\000s}{}% 5
\BOOKMARK [2][-]{subsection.3.1}{\376\377\000Q\000u\000a\000t\000e\000r\000n\000i\000o\000n\000i\000c\000\040\000m\000o\000d\000u\000l\000a\000r\000\040\000f\000o\000r\000m\000s\000\040\000o\000n\000\040\000P\000D\000F\000s\000t\000r\000i\000n\000g}{section.3}% 6
\BOOKMARK [2][-]{subsection.3.2}{\376\377\000H\000e\000i\000s\000e\000n\000b\000e\000r\000g\000\040\000E\000i\000s\000e\000n\000s\000t\000e\000i\000n\000\040\000s\000e\000r\000i\000e\000s}{section.3}% 7
\BOOKMARK [2][-]{subsection.3.3}{\376\377\000A\000b\000s\000t\000r\000a\000c\000t\000\040\000F\000o\000u\000r\000i\000e\000r\000\040\000e\000x\000p\000a\000n\000s\000i\000o\000n}{section.3}% 8
\BOOKMARK [1][-]{section.4}{\376\377\000R\000a\000n\000k\000\040\0002\000\040\000F\000o\000u\000r\000i\000e\000r\000\040\000c\000o\000e\000f\000f\000i\000c\000i\000e\000n\000t\000s\000\040\000o\000f\000\040\000P\000D\000F\000s\000t\000r\000i\000n\000g}{}% 9
\BOOKMARK [1][-]{section.5}{\376\377\000R\000a\000n\000k\000\040\0001\000\040\000F\000o\000u\000r\000i\000e\000r\000\040\000c\000o\000e\000f\000f\000i\000c\000i\000e\000n\000t\000s\000\040\000o\000f\000\040\000P\000D\000F\000s\000t\000r\000i\000n\000g}{}% 10
\BOOKMARK [1][-]{section.6}{\376\377\000T\000h\000e\000\040\000c\000o\000n\000s\000t\000a\000n\000t\000\040\000t\000e\000r\000m\000\040\000o\000f\000\040\000P\000D\000F\000s\000t\000r\000i\000n\000g}{}% 11
\BOOKMARK [1][-]{section.7}{\376\377\000T\000h\000e\000\040\000F\000o\000u\000r\000i\000e\000r\000\040\000e\000x\000p\000a\000n\000s\000i\000o\000n\000\040\000o\000f\000\040\000P\000D\000F\000s\000t\000r\000i\000n\000g}{}% 12
\BOOKMARK [2][-]{subsection.7.1}{\376\377\000C\000o\000m\000p\000u\000t\000a\000t\000i\000o\000n\000\040\000o\000f\000\040\000c\000o\000n\000s\000t\000a\000n\000t\000\040\000t\000e\000r\000m}{section.7}% 13
\BOOKMARK [3][-]{subsubsection.7.1.1}{\376\377\000T\000h\000e\000\040\000P\000D\000F\000s\000t\000r\000i\000n\000g\000-\000t\000e\000r\000m}{subsection.7.1}% 14
\BOOKMARK [3][-]{subsubsection.7.1.2}{\376\377\000T\000h\000e\000\040\000P\000D\000F\000s\000t\000r\000i\000n\000g\000-\000t\000e\000r\000m}{subsection.7.1}% 15
\BOOKMARK [3][-]{subsubsection.7.1.3}{\376\377\000T\000h\000e\000\040\000P\000D\000F\000s\000t\000r\000i\000n\000g\000-\000t\000e\000r\000m}{subsection.7.1}% 16
\BOOKMARK [2][-]{subsection.7.2}{\376\377\000R\000a\000n\000k\000\040\0001\000\040\000F\000o\000u\000r\000i\000e\000r\000\040\000c\000o\000e\000f\000f\000i\000c\000i\000e\000n\000t\000s}{section.7}% 17
\BOOKMARK [3][-]{subsubsection.7.2.1}{\376\377\000N\000o\000n\000-\000a\000r\000c\000h\000i\000m\000e\000d\000e\000a\000n\000\040\000c\000o\000m\000p\000o\000n\000e\000n\000t\000s}{subsection.7.2}% 18
\BOOKMARK [4][-]{paragraph.7.2.1.1}{\376\377\000S\000p\000l\000i\000t\000\040\000c\000a\000s\000e}{subsubsection.7.2.1}% 19
\BOOKMARK [4][-]{paragraph.7.2.1.2}{\376\377\000I\000n\000e\000r\000t\000\040\000c\000a\000s\000e}{subsubsection.7.2.1}% 20
\BOOKMARK [4][-]{paragraph.7.2.1.3}{\376\377\000R\000a\000m\000i\000f\000i\000e\000d\000\040\000c\000a\000s\000e}{subsubsection.7.2.1}% 21
\BOOKMARK [3][-]{subsubsection.7.2.2}{\376\377\000A\000r\000c\000h\000i\000m\000e\000d\000e\000a\000n\000\040\000c\000o\000m\000p\000o\000n\000e\000n\000t\000s}{subsection.7.2}% 22
\BOOKMARK [2][-]{subsection.7.3}{\376\377\000R\000a\000n\000k\000\040\0002\000\040\000F\000o\000u\000r\000i\000e\000r\000\040\000c\000o\000e\000f\000f\000i\000c\000i\000e\000n\000t\000s\000:\000\040\000n\000o\000n\000-\000a\000r\000c\000h\000i\000m\000e\000d\000e\000a\000n\000\040\000c\000o\000m\000p\000o\000n\000e\000n\000t\000s}{section.7}% 23
\BOOKMARK [3][-]{subsubsection.7.3.1}{\376\377\000S\000p\000l\000i\000t\000\040\000c\000a\000s\000e}{subsection.7.3}% 24
\BOOKMARK [2][-]{subsection.7.4}{\376\377\000R\000a\000n\000k\000\040\0002\000\040\000F\000o\000u\000r\000i\000e\000r\000\040\000c\000o\000e\000f\000f\000i\000c\000i\000e\000n\000t\000s\000:\000\040\000a\000r\000c\000h\000i\000m\000e\000d\000e\000a\000n\000\040\000c\000o\000m\000p\000o\000n\000e\000n\000t\000s}{section.7}% 25
\BOOKMARK [1][-]{section.8}{\376\377\000O\000u\000r\000\040\000p\000r\000o\000g\000r\000e\000s\000s}{}% 26
